#-----------------------------------------------------------
# Vivado v2021.1 (64-bit)
# SW Build 3247384 on Thu Jun 10 19:36:33 MDT 2021
# IP Build 3246043 on Fri Jun 11 00:30:35 MDT 2021
# Start of session at: Fri Oct  8 17:48:52 2021
# Process ID: 15704
# Current directory: F:/Comp541/Lab7
# Command line: vivado.exe -gui_launcher_event rodinguilauncherevent15968 F:\Comp541\Lab7\Lab7.xpr
# Log file: F:/Comp541/Lab7/vivado.log
# Journal file: F:/Comp541/Lab7\vivado.jou
#-----------------------------------------------------------
start_gui
open_project F:/Comp541/Lab7/Lab7.xpr
WARNING: [filemgmt 56-3] Default IP Output Path : Could not find the directory 'F:/Comp541/Lab7/Lab7.gen/sources_1'.
Scanning sources...
Finished scanning sources
INFO: [IP_Flow 19-234] Refreshing IP repositories
INFO: [IP_Flow 19-1704] No user IP repositories specified
INFO: [IP_Flow 19-2313] Loaded Vivado IP repository 'C:/Xilinx/Vivado/2021.1/data/ip'.
open_project: Time (s): cpu = 00:00:25 ; elapsed = 00:00:09 . Memory (MB): peak = 1248.555 ; gain = 0.000
update_compile_order -fileset sources_1
launch_simulation -simset [get_filesets sim_2 ]
Command: launch_simulation -simset sim_2
INFO: [Vivado 12-12493] Simulation top is 'tester_sprites_display'
INFO: [Vivado 12-5682] Launching behavioral simulation in 'F:/Comp541/Lab7/Lab7.sim/sim_2/behav/xsim'
INFO: [SIM-utils-51] Simulation object is 'sim_2'
INFO: [SIM-utils-72] Using boost library from 'C:/Xilinx/Vivado/2021.1/tps/boost_1_72_0'
INFO: [SIM-utils-54] Inspecting design source files for 'tester_sprites_display' in fileset 'sim_2'...
INFO: [SIM-utils-43] Exported 'F:/Comp541/Lab7/Lab7.sim/sim_2/behav/xsim/screenmem.mem'
INFO: [SIM-utils-43] Exported 'F:/Comp541/Lab7/Lab7.sim/sim_2/behav/xsim/bitmapmem.mem'
INFO: [USF-XSim-97] Finding global include files...
INFO: [USF-XSim-98] Fetching design files from 'sim_2'...
INFO: [USF-XSim-2] XSim::Compile design
INFO: [USF-XSim-61] Executing 'COMPILE and ANALYZE' step in 'F:/Comp541/Lab7/Lab7.sim/sim_2/behav/xsim'
"xvlog --incr --relax -L uvm -prj tester_sprites_display_vlog.prj"
INFO: [USF-XSim-69] 'compile' step finished in '2' seconds
INFO: [USF-XSim-3] XSim::Elaborate design
INFO: [USF-XSim-61] Executing 'ELABORATE' step in 'F:/Comp541/Lab7/Lab7.sim/sim_2/behav/xsim'
"xelab -wto a70dc5c19ac84969967b8cbb9069f406 --incr --debug typical --relax --mt 2 -L xil_defaultlib -L uvm -L unisims_ver -L unimacro_ver -L secureip --snapshot tester_sprites_display_behav xil_defaultlib.tester_sprites_display xil_defaultlib.glbl -log elaborate.log"
Vivado Simulator v2021.1
Copyright 1986-1999, 2001-2021 Xilinx, Inc. All Rights Reserved.
Running: C:/Xilinx/Vivado/2021.1/bin/unwrapped/win64.o/xelab.exe -wto a70dc5c19ac84969967b8cbb9069f406 --incr --debug typical --relax --mt 2 -L xil_defaultlib -L uvm -L unisims_ver -L unimacro_ver -L secureip --snapshot tester_sprites_display_behav xil_defaultlib.tester_sprites_display xil_defaultlib.glbl -log elaborate.log 
Using 2 slave threads.
Starting static elaboration
Pass Through NonSizing Optimizer
Completed static elaboration
INFO: [XSIM 43-4323] No Change in HDL. Linking previously generated obj files to create kernel
INFO: [USF-XSim-69] 'elaborate' step finished in '2' seconds
INFO: [USF-XSim-4] XSim::Simulate design
INFO: [USF-XSim-61] Executing 'SIMULATE' step in 'F:/Comp541/Lab7/Lab7.sim/sim_2/behav/xsim'
INFO: [USF-XSim-98] *** Running xsim
   with args "tester_sprites_display_behav -key {Behavioral:sim_2:Functional:tester_sprites_display} -tclbatch {tester_sprites_display.tcl} -log {simulate.log}"
INFO: [USF-XSim-8] Loading simulator feature
Time resolution is 1 ps
source tester_sprites_display.tcl
# set curr_wave [current_wave_config]
# if { [string length $curr_wave] == 0 } {
#   if { [llength [get_objects]] > 0} {
#     add_wave /
#     set_property needs_save false [current_wave_config]
#   } else {
#      send_msg_id Add_Wave-1 WARNING "No top level signals found. Simulator will start without a wave window. If you want to open a wave window go to 'File->New Waveform Configuration' or type 'create_wave_config' in the TCL console."
#   }
# }
# run 1000ns
INFO: [USF-XSim-96] XSim completed. Design snapshot 'tester_sprites_display_behav' loaded.
INFO: [USF-XSim-97] XSim simulation ran for 1000ns
launch_simulation: Time (s): cpu = 00:00:14 ; elapsed = 00:00:10 . Memory (MB): peak = 1248.555 ; gain = 0.000
run all
$finish called at time : 1680 us : File "F:/Comp541/Lab7/Lab7.srcs/sim_2/new/tester_sprites_display.sv" Line 150
run: Time (s): cpu = 00:00:08 ; elapsed = 00:00:08 . Memory (MB): peak = 1248.555 ; gain = 0.000
close_sim
INFO: [Simtcl 6-16] Simulation closed
exit
INFO: [Common 17-206] Exiting Vivado at Fri Oct  8 17:52:03 2021...
