
*** Running vivado
    with args -log top.vds -m64 -product Vivado -mode batch -messageDb vivado.pb -notrace -source top.tcl



****** Vivado v2021.1 (64-bit)
  **** SW Build 3247384 on Thu Jun 10 19:36:33 MDT 2021
  **** IP Build 3246043 on Fri Jun 11 00:30:35 MDT 2021
    ** Copyright 1986-2021 Xilinx, Inc. All Rights Reserved.

source top.tcl -notrace
Command: synth_design -top top -part xc7a100tcsg324-1
Starting synth_design
Attempting to get a license for feature 'Synthesis' and/or device 'xc7a100t'
INFO: [Common 17-349] Got license for feature 'Synthesis' and/or device 'xc7a100t'
INFO: [Device 21-403] Loading part xc7a100tcsg324-1
INFO: [Synth 8-7079] Multithreading enabled for synth_design using a maximum of 2 processes.
INFO: [Synth 8-7078] Launching helper process for spawning children vivado processes
INFO: [Synth 8-7075] Helper process launched with PID 21356
---------------------------------------------------------------------------------
Starting RTL Elaboration : Time (s): cpu = 00:00:04 ; elapsed = 00:00:03 . Memory (MB): peak = 1247.480 ; gain = 0.000
---------------------------------------------------------------------------------
INFO: [Synth 8-6157] synthesizing module 'top' [D:/Comp541/Lab7/Lab7.srcs/sources_1/new/top.sv:11]
INFO: [Synth 8-6157] synthesizing module 'rom_module' [D:/Comp541/Lab7/Lab7.srcs/sources_1/new/rom_module.sv:34]
	Parameter Nloc bound to: 1200 - type: integer 
	Parameter Dbits bound to: 2 - type: integer 
	Parameter initfile bound to: screenmem.mem - type: string 
INFO: [Synth 8-3876] $readmem data file 'screenmem.mem' is read successfully [D:/Comp541/Lab7/Lab7.srcs/sources_1/new/rom_module.sv:45]
INFO: [Synth 8-6155] done synthesizing module 'rom_module' (1#1) [D:/Comp541/Lab7/Lab7.srcs/sources_1/new/rom_module.sv:34]
INFO: [Synth 8-6157] synthesizing module 'vgadisplaydriver' [D:/Comp541/Lab7/Lab7.srcs/sources_1/new/vgadisplaydriver.sv:5]
	Parameter Nchars bound to: 4 - type: integer 
	Parameter smem_size bound to: 1200 - type: integer 
	Parameter bmem_init bound to: bitmapmem.mem - type: string 
INFO: [Synth 8-6157] synthesizing module 'vgatimer' [D:/Comp541/Lab7/Lab7.srcs/sources_1/imports/new/vgatimer.sv:5]
INFO: [Synth 8-6157] synthesizing module 'xycounter' [D:/Comp541/Lab7/Lab7.srcs/sources_1/imports/new/xycounter.sv:4]
	Parameter width bound to: 800 - type: integer 
	Parameter height bound to: 525 - type: integer 
INFO: [Synth 8-6155] done synthesizing module 'xycounter' (2#1) [D:/Comp541/Lab7/Lab7.srcs/sources_1/imports/new/xycounter.sv:4]
INFO: [Synth 8-6155] done synthesizing module 'vgatimer' (3#1) [D:/Comp541/Lab7/Lab7.srcs/sources_1/imports/new/vgatimer.sv:5]
INFO: [Synth 8-6157] synthesizing module 'rom_module__parameterized0' [D:/Comp541/Lab7/Lab7.srcs/sources_1/new/rom_module.sv:34]
	Parameter Nloc bound to: 1024 - type: integer 
	Parameter Dbits bound to: 12 - type: integer 
	Parameter initfile bound to: bitmapmem.mem - type: string 
INFO: [Synth 8-3876] $readmem data file 'bitmapmem.mem' is read successfully [D:/Comp541/Lab7/Lab7.srcs/sources_1/new/rom_module.sv:45]
INFO: [Synth 8-6155] done synthesizing module 'rom_module__parameterized0' (3#1) [D:/Comp541/Lab7/Lab7.srcs/sources_1/new/rom_module.sv:34]
INFO: [Synth 8-6155] done synthesizing module 'vgadisplaydriver' (4#1) [D:/Comp541/Lab7/Lab7.srcs/sources_1/new/vgadisplaydriver.sv:5]
INFO: [Synth 8-6155] done synthesizing module 'top' (5#1) [D:/Comp541/Lab7/Lab7.srcs/sources_1/new/top.sv:11]
---------------------------------------------------------------------------------
Finished RTL Elaboration : Time (s): cpu = 00:00:05 ; elapsed = 00:00:04 . Memory (MB): peak = 1247.480 ; gain = 0.000
---------------------------------------------------------------------------------
---------------------------------------------------------------------------------
Start Handling Custom Attributes
---------------------------------------------------------------------------------
---------------------------------------------------------------------------------
Finished Handling Custom Attributes : Time (s): cpu = 00:00:05 ; elapsed = 00:00:05 . Memory (MB): peak = 1247.480 ; gain = 0.000
---------------------------------------------------------------------------------
---------------------------------------------------------------------------------
Finished RTL Optimization Phase 1 : Time (s): cpu = 00:00:05 ; elapsed = 00:00:05 . Memory (MB): peak = 1247.480 ; gain = 0.000
---------------------------------------------------------------------------------
Netlist sorting complete. Time (s): cpu = 00:00:00 ; elapsed = 00:00:00.002 . Memory (MB): peak = 1247.480 ; gain = 0.000
INFO: [Project 1-570] Preparing netlist for logic optimization

Processing XDC Constraints
Initializing timing engine
Parsing XDC File [D:/Comp541/Lab7/Lab7.srcs/constrs_1/new/clock.xdc]
Finished Parsing XDC File [D:/Comp541/Lab7/Lab7.srcs/constrs_1/new/clock.xdc]
INFO: [Project 1-236] Implementation specific constraints were found while reading constraint file [D:/Comp541/Lab7/Lab7.srcs/constrs_1/new/clock.xdc]. These constraints will be ignored for synthesis but will be used in implementation. Impacted constraints are listed in the file [.Xil/top_propImpl.xdc].
Resolution: To avoid this warning, move constraints listed in [.Xil/top_propImpl.xdc] to another XDC file and exclude this new file from synthesis with the used_in_synthesis property (File Properties dialog in GUI) and re-run elaboration/synthesis.
Parsing XDC File [D:/Comp541/Lab7/Lab7.srcs/constrs_1/new/vga.xdc]
Finished Parsing XDC File [D:/Comp541/Lab7/Lab7.srcs/constrs_1/new/vga.xdc]
INFO: [Project 1-236] Implementation specific constraints were found while reading constraint file [D:/Comp541/Lab7/Lab7.srcs/constrs_1/new/vga.xdc]. These constraints will be ignored for synthesis but will be used in implementation. Impacted constraints are listed in the file [.Xil/top_propImpl.xdc].
Resolution: To avoid this warning, move constraints listed in [.Xil/top_propImpl.xdc] to another XDC file and exclude this new file from synthesis with the used_in_synthesis property (File Properties dialog in GUI) and re-run elaboration/synthesis.
Completed Processing XDC Constraints

Netlist sorting complete. Time (s): cpu = 00:00:00 ; elapsed = 00:00:00 . Memory (MB): peak = 1247.480 ; gain = 0.000
INFO: [Project 1-111] Unisim Transformation Summary:
No Unisim elements were transformed.

Constraint Validation Runtime : Time (s): cpu = 00:00:00 ; elapsed = 00:00:00.002 . Memory (MB): peak = 1247.480 ; gain = 0.000
---------------------------------------------------------------------------------
Finished Constraint Validation : Time (s): cpu = 00:00:10 ; elapsed = 00:00:10 . Memory (MB): peak = 1247.480 ; gain = 0.000
---------------------------------------------------------------------------------
---------------------------------------------------------------------------------
Start Loading Part and Timing Information
---------------------------------------------------------------------------------
Loading part: xc7a100tcsg324-1
---------------------------------------------------------------------------------
Finished Loading Part and Timing Information : Time (s): cpu = 00:00:10 ; elapsed = 00:00:10 . Memory (MB): peak = 1247.480 ; gain = 0.000
---------------------------------------------------------------------------------
---------------------------------------------------------------------------------
Start Applying 'set_property' XDC Constraints
---------------------------------------------------------------------------------
---------------------------------------------------------------------------------
Finished applying 'set_property' XDC Constraints : Time (s): cpu = 00:00:10 ; elapsed = 00:00:10 . Memory (MB): peak = 1247.480 ; gain = 0.000
---------------------------------------------------------------------------------
---------------------------------------------------------------------------------
Finished RTL Optimization Phase 2 : Time (s): cpu = 00:00:11 ; elapsed = 00:00:11 . Memory (MB): peak = 1247.480 ; gain = 0.000
---------------------------------------------------------------------------------
---------------------------------------------------------------------------------
Start RTL Component Statistics 
---------------------------------------------------------------------------------
Detailed RTL Component Info : 
+---Adders : 
	   2 Input   10 Bit       Adders := 2     
	   2 Input    2 Bit       Adders := 1     
+---Registers : 
	               10 Bit    Registers := 2     
	                2 Bit    Registers := 1     
+---Muxes : 
	   2 Input    4 Bit        Muxes := 3     
---------------------------------------------------------------------------------
Finished RTL Component Statistics 
---------------------------------------------------------------------------------
---------------------------------------------------------------------------------
Start Part Resource Summary
---------------------------------------------------------------------------------
Part Resources:
DSPs: 240 (col length:80)
BRAMs: 270 (col length: RAMB18 80 RAMB36 40)
---------------------------------------------------------------------------------
Finished Part Resource Summary
---------------------------------------------------------------------------------
---------------------------------------------------------------------------------
Start Cross Boundary and Area Optimization
---------------------------------------------------------------------------------
DSP Report: Generating DSP display/smem_addr0, operation Mode is: (D'+(A:0x3fffffff))*(B:0x28).
DSP Report: register display/smem_addr0 is absorbed into DSP display/smem_addr0.
DSP Report: operator display/smem_addr0 is absorbed into DSP display/smem_addr0.
DSP Report: operator display/smem_addr1 is absorbed into DSP display/smem_addr0.
DSP Report: Generating DSP display/smem_addr, operation Mode is: PCIN+(A:0x0):B2+(C:0xffffffffffff).
DSP Report: register display/smem_addr is absorbed into DSP display/smem_addr.
DSP Report: operator display/smem_addr is absorbed into DSP display/smem_addr.
---------------------------------------------------------------------------------
Finished Cross Boundary and Area Optimization : Time (s): cpu = 00:00:13 ; elapsed = 00:00:13 . Memory (MB): peak = 1247.480 ; gain = 0.000
---------------------------------------------------------------------------------
---------------------------------------------------------------------------------
Start ROM, RAM, DSP, Shift Register and Retiming Reporting
---------------------------------------------------------------------------------

ROM: Preliminary Mapping Report
+------------+------------+---------------+----------------+
|Module Name | RTL Object | Depth x Width | Implemented As | 
+------------+------------+---------------+----------------+
|rom_module  | p_0_out    | 2048x2        | LUT            | 
|rom_module  | p_0_out    | 1024x3        | LUT            | 
|top         | p_0_out    | 2048x2        | LUT            | 
|top         | p_0_out    | 1024x3        | LUT            | 
+------------+------------+---------------+----------------+


DSP: Preliminary Mapping Report (see note below)
+------------+------------------------------------+--------+--------+--------+--------+--------+------+------+------+------+-------+------+------+
|Module Name | DSP Mapping                        | A Size | B Size | C Size | D Size | P Size | AREG | BREG | CREG | DREG | ADREG | MREG | PREG | 
+------------+------------------------------------+--------+--------+--------+--------+--------+------+------+------+------+-------+------+------+
|top         | (D'+(A:0x3fffffff))*(B:0x28)       | 11     | 6      | -      | 6      | 17     | 0    | 0    | -    | 1    | 0     | 0    | 0    | 
|top         | PCIN+(A:0x0):B2+(C:0xffffffffffff) | 30     | 6      | 1      | -      | -1     | 0    | 1    | 0    | -    | -     | 0    | 0    | 
+------------+------------------------------------+--------+--------+--------+--------+--------+------+------+------+------+-------+------+------+

Note: The table above is a preliminary report that shows the DSPs inferred at the current stage of the synthesis flow. Some DSP may be reimplemented as non DSP primitives later in the synthesis flow. Multiple instantiated DSPs are reported only once.
---------------------------------------------------------------------------------
Finished ROM, RAM, DSP, Shift Register and Retiming Reporting
---------------------------------------------------------------------------------
---------------------------------------------------------------------------------
Start Applying XDC Timing Constraints
---------------------------------------------------------------------------------
---------------------------------------------------------------------------------
Finished Applying XDC Timing Constraints : Time (s): cpu = 00:00:21 ; elapsed = 00:00:21 . Memory (MB): peak = 1256.492 ; gain = 9.012
---------------------------------------------------------------------------------
---------------------------------------------------------------------------------
Start Timing Optimization
---------------------------------------------------------------------------------
---------------------------------------------------------------------------------
Finished Timing Optimization : Time (s): cpu = 00:00:21 ; elapsed = 00:00:21 . Memory (MB): peak = 1277.219 ; gain = 29.738
---------------------------------------------------------------------------------
---------------------------------------------------------------------------------
Start Technology Mapping
---------------------------------------------------------------------------------
---------------------------------------------------------------------------------
Finished Technology Mapping : Time (s): cpu = 00:00:21 ; elapsed = 00:00:22 . Memory (MB): peak = 1287.539 ; gain = 40.059
---------------------------------------------------------------------------------
---------------------------------------------------------------------------------
Start IO Insertion
---------------------------------------------------------------------------------
---------------------------------------------------------------------------------
Start Flattening Before IO Insertion
---------------------------------------------------------------------------------
---------------------------------------------------------------------------------
Finished Flattening Before IO Insertion
---------------------------------------------------------------------------------
---------------------------------------------------------------------------------
Start Final Netlist Cleanup
---------------------------------------------------------------------------------
---------------------------------------------------------------------------------
Finished Final Netlist Cleanup
---------------------------------------------------------------------------------
---------------------------------------------------------------------------------
Finished IO Insertion : Time (s): cpu = 00:00:24 ; elapsed = 00:00:24 . Memory (MB): peak = 1287.539 ; gain = 40.059
---------------------------------------------------------------------------------
---------------------------------------------------------------------------------
Start Renaming Generated Instances
---------------------------------------------------------------------------------
---------------------------------------------------------------------------------
Finished Renaming Generated Instances : Time (s): cpu = 00:00:24 ; elapsed = 00:00:24 . Memory (MB): peak = 1287.539 ; gain = 40.059
---------------------------------------------------------------------------------
---------------------------------------------------------------------------------
Start Rebuilding User Hierarchy
---------------------------------------------------------------------------------
---------------------------------------------------------------------------------
Finished Rebuilding User Hierarchy : Time (s): cpu = 00:00:24 ; elapsed = 00:00:24 . Memory (MB): peak = 1287.539 ; gain = 40.059
---------------------------------------------------------------------------------
---------------------------------------------------------------------------------
Start Renaming Generated Ports
---------------------------------------------------------------------------------
---------------------------------------------------------------------------------
Finished Renaming Generated Ports : Time (s): cpu = 00:00:24 ; elapsed = 00:00:24 . Memory (MB): peak = 1287.539 ; gain = 40.059
---------------------------------------------------------------------------------
---------------------------------------------------------------------------------
Start Handling Custom Attributes
---------------------------------------------------------------------------------
---------------------------------------------------------------------------------
Finished Handling Custom Attributes : Time (s): cpu = 00:00:24 ; elapsed = 00:00:24 . Memory (MB): peak = 1287.539 ; gain = 40.059
---------------------------------------------------------------------------------
---------------------------------------------------------------------------------
Start Renaming Generated Nets
---------------------------------------------------------------------------------
---------------------------------------------------------------------------------
Finished Renaming Generated Nets : Time (s): cpu = 00:00:24 ; elapsed = 00:00:24 . Memory (MB): peak = 1287.539 ; gain = 40.059
---------------------------------------------------------------------------------
---------------------------------------------------------------------------------
Start Writing Synthesis Report
---------------------------------------------------------------------------------

Report BlackBoxes: 
+-+--------------+----------+
| |BlackBox name |Instances |
+-+--------------+----------+
+-+--------------+----------+

Report Cell Usage: 
+------+--------+------+
|      |Cell    |Count |
+------+--------+------+
|1     |BUFG    |     1|
|2     |DSP48E1 |     2|
|4     |LUT1    |     2|
|5     |LUT2    |     2|
|6     |LUT3    |     6|
|7     |LUT4    |     6|
|8     |LUT5    |     8|
|9     |LUT6    |    42|
|10    |MUXF7   |    14|
|11    |MUXF8   |     4|
|12    |FDRE    |    22|
|13    |IBUF    |     1|
|14    |OBUF    |    14|
+------+--------+------+
---------------------------------------------------------------------------------
Finished Writing Synthesis Report : Time (s): cpu = 00:00:24 ; elapsed = 00:00:24 . Memory (MB): peak = 1287.539 ; gain = 40.059
---------------------------------------------------------------------------------
Synthesis finished with 0 errors, 0 critical warnings and 0 warnings.
Synthesis Optimization Runtime : Time (s): cpu = 00:00:17 ; elapsed = 00:00:23 . Memory (MB): peak = 1287.539 ; gain = 40.059
Synthesis Optimization Complete : Time (s): cpu = 00:00:24 ; elapsed = 00:00:24 . Memory (MB): peak = 1287.539 ; gain = 40.059
INFO: [Project 1-571] Translating synthesized netlist
Netlist sorting complete. Time (s): cpu = 00:00:00 ; elapsed = 00:00:00.001 . Memory (MB): peak = 1287.539 ; gain = 0.000
INFO: [Netlist 29-17] Analyzing 20 Unisim elements for replacement
INFO: [Netlist 29-28] Unisim Transformation completed in 0 CPU seconds
INFO: [Project 1-570] Preparing netlist for logic optimization
INFO: [Opt 31-138] Pushed 0 inverter(s) to 0 load pin(s).
Netlist sorting complete. Time (s): cpu = 00:00:00 ; elapsed = 00:00:00 . Memory (MB): peak = 1287.539 ; gain = 0.000
INFO: [Project 1-111] Unisim Transformation Summary:
No Unisim elements were transformed.

Synth Design complete, checksum: c194bea
INFO: [Common 17-83] Releasing license: Synthesis
30 Infos, 0 Warnings, 0 Critical Warnings and 0 Errors encountered.
synth_design completed successfully
synth_design: Time (s): cpu = 00:00:27 ; elapsed = 00:00:28 . Memory (MB): peak = 1287.539 ; gain = 40.059
INFO: [Common 17-1381] The checkpoint 'D:/Comp541/Lab7/Lab7.runs/synth_1/top.dcp' has been generated.
INFO: [runtcl-4] Executing : report_utilization -file top_utilization_synth.rpt -pb top_utilization_synth.pb
INFO: [Common 17-206] Exiting Vivado at Fri Oct  8 00:03:42 2021...
